INFO  01:29:27 Application started. Press Ctrl+C to shut down.
INFO  01:29:27 Application started. Press Ctrl+C to shut down.
INFO  01:29:27 Hosting environment: Development
INFO  01:29:27 Hosting environment: Development
INFO  01:29:27 Content root path: C:\Users\suvin\source\repos\Bookings
INFO  01:29:27 Content root path: C:\Users\suvin\source\repos\Bookings
INFO  01:29:40 BookingsController Http GET ALL BOOKING
INFO  06:21:23 Application started. Press Ctrl+C to shut down.
INFO  06:21:23 Application started. Press Ctrl+C to shut down.
INFO  06:21:23 Hosting environment: Development
INFO  06:21:23 Hosting environment: Development
INFO  06:21:23 Content root path: C:\Users\suvin\source\repos\Bookings
INFO  06:21:23 Content root path: C:\Users\suvin\source\repos\Bookings
INFO  06:22:02 BookingsController Http GET ALL BOOKING
INFO  06:24:42 BookingsController Http GET ALL BOOKING
INFO  06:25:08 BookingsController Http GET ALL BOOKING
INFO  06:25:41 BookingsController Http ADD TO BOOKING
INFO  06:25:41 BookingsController Http GET ALL BOOKING
INFO  06:32:20 BookingsController Http GET ALL BOOKING
INFO  06:33:01 BookingsController Http GET ALL BOOKING
INFO  06:33:24 BookingsController Http DELETE FROM BOOKING
INFO  06:34:12 BookingsController Http GET ALL BOOKING
INFO  06:35:21 BookingsController Http GET ALL BOOKING
INFO  06:49:27 Application started. Press Ctrl+C to shut down.
INFO  06:49:27 Application started. Press Ctrl+C to shut down.
INFO  06:49:27 Hosting environment: Development
INFO  06:49:27 Hosting environment: Development
INFO  06:49:27 Content root path: C:\Users\suvin\source\repos\Bookings
INFO  06:49:27 Content root path: C:\Users\suvin\source\repos\Bookings
INFO  06:50:01 BookingsController Http GET ALL BOOKING
INFO  06:52:26 BookingsController Http GET ALL BOOKING
INFO  08:50:17 Application started. Press Ctrl+C to shut down.
INFO  08:50:17 Application started. Press Ctrl+C to shut down.
INFO  08:50:17 Hosting environment: Development
INFO  08:50:17 Hosting environment: Development
INFO  08:50:17 Content root path: C:\Users\suvin\source\repos\Bookings
INFO  08:50:17 Content root path: C:\Users\suvin\source\repos\Bookings
INFO  08:50:46 BookingsController Http GET ALL BOOKING
INFO  09:13:31 Application started. Press Ctrl+C to shut down.
INFO  09:13:31 Application started. Press Ctrl+C to shut down.
INFO  09:13:31 Hosting environment: Development
INFO  09:13:31 Hosting environment: Development
INFO  09:13:31 Content root path: C:\Users\suvin\source\repos\Bookings
INFO  09:13:31 Content root path: C:\Users\suvin\source\repos\Bookings
INFO  09:23:08 BookingsController Http GET ALL BOOKING
INFO  09:23:16 BookingsController Http GET ALL BOOKING
INFO  09:28:01 BookingsController Http GET ALL BOOKING
INFO  09:28:48 BookingsController Http ADD TO BOOKING
INFO  09:28:49 BookingsController Http GET ALL BOOKING
INFO  11:32:43 Application started. Press Ctrl+C to shut down.
INFO  11:32:43 Application started. Press Ctrl+C to shut down.
INFO  11:32:43 Hosting environment: Development
INFO  11:32:43 Hosting environment: Development
INFO  11:32:43 Content root path: C:\Users\suvin\source\repos\Bookings
INFO  11:32:43 Content root path: C:\Users\suvin\source\repos\Bookings
INFO  11:33:04 BookingsController Http GET ALL BOOKING
INFO  12:54:20 Application started. Press Ctrl+C to shut down.
INFO  12:54:20 Application started. Press Ctrl+C to shut down.
INFO  12:54:20 Hosting environment: Development
INFO  12:54:20 Hosting environment: Development
INFO  12:54:20 Content root path: C:\Users\suvin\source\repos\Bookings
INFO  12:54:20 Content root path: C:\Users\suvin\source\repos\Bookings
INFO  12:56:20 BookingsController Http GET ALL BOOKING
INFO  01:02:40 Application started. Press Ctrl+C to shut down.
INFO  01:02:40 Application started. Press Ctrl+C to shut down.
INFO  01:02:40 Hosting environment: Development
INFO  01:02:40 Hosting environment: Development
INFO  01:02:40 Content root path: C:\Users\suvin\source\repos\Bookings
INFO  01:02:40 Content root path: C:\Users\suvin\source\repos\Bookings
INFO  01:02:50 BookingsController Http GET ALL BOOKING
INFO  10:32:14 Application started. Press Ctrl+C to shut down.
INFO  10:32:14 Application started. Press Ctrl+C to shut down.
INFO  10:32:14 Hosting environment: Development
INFO  10:32:14 Hosting environment: Development
INFO  10:32:14 Content root path: C:\Users\suvin\source\repos\Bookings
INFO  10:32:14 Content root path: C:\Users\suvin\source\repos\Bookings
INFO  10:32:41 BookingsController Http GET ALL BOOKING
