INFO  04:22:50 Application started. Press Ctrl+C to shut down.
INFO  04:22:50 Application started. Press Ctrl+C to shut down.
INFO  04:22:50 Hosting environment: Development
INFO  04:22:50 Hosting environment: Development
INFO  04:22:50 Content root path: C:\Users\suvin\source\repos\login
INFO  04:22:50 Content root path: C:\Users\suvin\source\repos\login
INFO  04:23:22 adminController Http GET LOGIN DETAILS
INFO  04:23:39 adminController Http GET LOGIN DETAILS
INFO  04:25:16 adminController Http GET LOGIN DETAILS
INFO  06:15:02 Application started. Press Ctrl+C to shut down.
INFO  06:15:02 Application started. Press Ctrl+C to shut down.
INFO  06:15:02 Hosting environment: Development
INFO  06:15:02 Hosting environment: Development
INFO  06:15:02 Content root path: C:\Users\suvin\source\repos\login
INFO  06:15:02 Content root path: C:\Users\suvin\source\repos\login
INFO  06:15:24 adminController Http GET LOGIN DETAILS
INFO  08:22:47 Application started. Press Ctrl+C to shut down.
INFO  08:22:47 Application started. Press Ctrl+C to shut down.
INFO  08:22:47 Hosting environment: Development
INFO  08:22:47 Hosting environment: Development
INFO  08:22:47 Content root path: C:\Users\suvin\source\repos\login
INFO  08:22:47 Content root path: C:\Users\suvin\source\repos\login
INFO  08:23:27 adminController Http GET LOGIN DETAILS
INFO  08:46:40 Application started. Press Ctrl+C to shut down.
INFO  08:46:40 Application started. Press Ctrl+C to shut down.
INFO  08:46:40 Hosting environment: Development
INFO  08:46:40 Hosting environment: Development
INFO  08:46:40 Content root path: C:\Users\suvin\source\repos\login
INFO  08:46:40 Content root path: C:\Users\suvin\source\repos\login
INFO  08:47:11 adminController Http GET LOGIN DETAILS
INFO  08:49:39 adminController Http GET LOGIN DETAILS
INFO  09:13:22 Application started. Press Ctrl+C to shut down.
INFO  09:13:22 Application started. Press Ctrl+C to shut down.
INFO  09:13:22 Hosting environment: Development
INFO  09:13:22 Hosting environment: Development
INFO  09:13:22 Content root path: C:\Users\suvin\source\repos\login
INFO  09:13:22 Content root path: C:\Users\suvin\source\repos\login
INFO  09:21:13 Application started. Press Ctrl+C to shut down.
INFO  09:21:13 Application started. Press Ctrl+C to shut down.
INFO  09:21:13 Hosting environment: Development
INFO  09:21:13 Hosting environment: Development
INFO  09:21:13 Content root path: C:\Users\suvin\source\repos\login
INFO  09:21:13 Content root path: C:\Users\suvin\source\repos\login
INFO  09:23:14 adminController Http GET LOGIN DETAILS
INFO  09:27:51 adminController Http GET LOGIN DETAILS
INFO  09:27:54 adminController Http GET LOGIN DETAILS
INFO  09:27:55 adminController Http GET LOGIN DETAILS
INFO  09:28:01 adminController Http GET LOGIN DETAILS
INFO  11:29:32 Application started. Press Ctrl+C to shut down.
INFO  11:29:32 Application started. Press Ctrl+C to shut down.
INFO  11:29:32 Hosting environment: Development
INFO  11:29:32 Hosting environment: Development
INFO  11:29:32 Content root path: C:\Users\suvin\source\repos\login
INFO  11:29:32 Content root path: C:\Users\suvin\source\repos\login
INFO  11:30:07 adminController Http GET LOGIN DETAILS
INFO  11:31:55 adminController Http GET LOGIN DETAILS
INFO  11:33:03 adminController Http GET LOGIN DETAILS
INFO  12:43:42 Application started. Press Ctrl+C to shut down.
INFO  12:43:42 Application started. Press Ctrl+C to shut down.
INFO  12:43:42 Hosting environment: Development
INFO  12:43:42 Hosting environment: Development
INFO  12:43:42 Content root path: C:\Users\suvin\source\repos\login
INFO  12:43:42 Content root path: C:\Users\suvin\source\repos\login
INFO  12:50:36 Application started. Press Ctrl+C to shut down.
INFO  12:50:36 Application started. Press Ctrl+C to shut down.
INFO  12:50:36 Hosting environment: Development
INFO  12:50:36 Hosting environment: Development
INFO  12:50:36 Content root path: C:\Users\suvin\source\repos\login
INFO  12:50:36 Content root path: C:\Users\suvin\source\repos\login
INFO  12:51:47 Application started. Press Ctrl+C to shut down.
INFO  12:51:47 Application started. Press Ctrl+C to shut down.
INFO  12:51:47 Hosting environment: Development
INFO  12:51:47 Hosting environment: Development
INFO  12:51:47 Content root path: C:\Users\suvin\source\repos\login
INFO  12:51:47 Content root path: C:\Users\suvin\source\repos\login
INFO  12:55:01 Application started. Press Ctrl+C to shut down.
INFO  12:55:01 Application started. Press Ctrl+C to shut down.
INFO  12:55:01 Hosting environment: Development
INFO  12:55:01 Hosting environment: Development
INFO  12:55:01 Content root path: C:\Users\suvin\source\repos\login
INFO  12:55:01 Content root path: C:\Users\suvin\source\repos\login
INFO  01:00:57 Application started. Press Ctrl+C to shut down.
INFO  01:00:57 Application started. Press Ctrl+C to shut down.
INFO  01:00:57 Hosting environment: Development
INFO  01:00:57 Hosting environment: Development
INFO  01:00:57 Content root path: C:\Users\suvin\source\repos\login
INFO  01:00:57 Content root path: C:\Users\suvin\source\repos\login
INFO  10:31:51 Application started. Press Ctrl+C to shut down.
INFO  10:31:51 Application started. Press Ctrl+C to shut down.
INFO  10:31:51 Hosting environment: Development
INFO  10:31:51 Hosting environment: Development
INFO  10:31:51 Content root path: C:\Users\suvin\source\repos\login
INFO  10:31:51 Content root path: C:\Users\suvin\source\repos\login
INFO  10:32:39 adminController Http GET ALL LOGINS
